0 info it worked if it ends with ok
1 verbose cli [
1 verbose cli   '/Users/demarcus/.nvm/versions/node/v12.14.0/bin/node',
1 verbose cli   '/Users/demarcus/.nvm/versions/node/v12.14.0/bin/npm',
1 verbose cli   'i'
1 verbose cli ]
2 info using npm@6.14.6
3 info using node@v12.14.0
4 verbose npm-session 5e03f105e041b58e
5 silly install runPreinstallTopLevelLifecycles
6 silly preinstall nextup_voter_manager
7 info lifecycle @~preinstall: @
8 silly install loadCurrentTree
9 silly install readLocalPackageData
10 timing stage:loadCurrentTree Completed in 893ms
11 silly install loadIdealTree
12 silly install cloneCurrentTreeToIdealTree
13 timing stage:loadIdealTree:cloneCurrentTree Completed in 6ms
14 silly install loadShrinkwrap
15 timing stage:loadIdealTree:loadShrinkwrap Completed in 197ms
16 silly install loadAllDepsIntoIdealTree
17 silly removeObsoleteDep removing expo@38.0.10 from the tree as its been replaced by a newer version or is no longer required
18 silly removeObsoleteDep removing @expo/vector-icons@10.2.1 from the tree as its been replaced by a newer version or is no longer required
19 silly removeObsoleteDep removing @unimodules/core@5.3.0 from the tree as its been replaced by a newer version or is no longer required
20 silly removeObsoleteDep removing compare-versions@3.6.0 from the tree as its been replaced by a newer version or is no longer required
21 silly removeObsoleteDep removing @unimodules/react-native-adapter@5.4.0 from the tree as its been replaced by a newer version or is no longer required
22 silly removeObsoleteDep removing babel-preset-expo@8.2.3 from the tree as its been replaced by a newer version or is no longer required
23 silly removeObsoleteDep removing metro-react-native-babel-preset@0.58.0 from the tree as its been replaced by a newer version or is no longer required
24 silly removeObsoleteDep removing badgin@1.1.8 from the tree as its been replaced by a newer version or is no longer required
25 silly removeObsoleteDep removing expo-asset@8.1.7 from the tree as its been replaced by a newer version or is no longer required
26 silly removeObsoleteDep removing blueimp-md5@2.18.0 from the tree as its been replaced by a newer version or is no longer required
27 silly removeObsoleteDep removing path-browserify@1.0.1 from the tree as its been replaced by a newer version or is no longer required
28 silly removeObsoleteDep removing expo-error-recovery@1.2.2 from the tree as its been replaced by a newer version or is no longer required
29 silly removeObsoleteDep removing expo-file-system@9.0.1 from the tree as its been replaced by a newer version or is no longer required
30 silly removeObsoleteDep removing expo-font@8.2.2 from the tree as its been replaced by a newer version or is no longer required
31 silly removeObsoleteDep removing fontfaceobserver@2.1.0 from the tree as its been replaced by a newer version or is no longer required
32 silly removeObsoleteDep removing expo-keep-awake@8.2.1 from the tree as its been replaced by a newer version or is no longer required
33 silly removeObsoleteDep removing expo-linear-gradient@8.2.1 from the tree as its been replaced by a newer version or is no longer required
34 silly removeObsoleteDep removing expo-linking@1.0.3 from the tree as its been replaced by a newer version or is no longer required
35 silly removeObsoleteDep removing expo-constants@9.1.1 from the tree as its been replaced by a newer version or is no longer required
36 silly removeObsoleteDep removing qs@6.9.4 from the tree as its been replaced by a newer version or is no longer required
37 silly removeObsoleteDep removing url-parse@1.4.7 from the tree as its been replaced by a newer version or is no longer required
38 silly removeObsoleteDep removing querystringify@2.2.0 from the tree as its been replaced by a newer version or is no longer required
39 silly removeObsoleteDep removing requires-port@1.0.0 from the tree as its been replaced by a newer version or is no longer required
40 silly removeObsoleteDep removing expo-location@8.2.1 from the tree as its been replaced by a newer version or is no longer required
41 silly removeObsoleteDep removing expo-permissions@9.0.1 from the tree as its been replaced by a newer version or is no longer required
42 silly removeObsoleteDep removing expo-splash-screen@0.5.0 from the tree as its been replaced by a newer version or is no longer required
43 silly removeObsoleteDep removing @expo/configure-splash-screen@0.1.13 from the tree as its been replaced by a newer version or is no longer required
44 silly removeObsoleteDep removing @react-native-community/cli-platform-android@4.13.0 from the tree as its been replaced by a newer version or is no longer required
45 silly removeObsoleteDep removing @react-native-community/cli-tools@4.13.0 from the tree as its been replaced by a newer version or is no longer required
46 silly removeObsoleteDep removing chalk@3.0.0 from the tree as its been replaced by a newer version or is no longer required
47 silly removeObsoleteDep removing ansi-styles@4.2.1 from the tree as its been replaced by a newer version or is no longer required
48 silly removeObsoleteDep removing @types/color-name@1.1.1 from the tree as its been replaced by a newer version or is no longer required
49 silly removeObsoleteDep removing color-convert@2.0.1 from the tree as its been replaced by a newer version or is no longer required
50 silly removeObsoleteDep removing color-name@1.1.4 from the tree as its been replaced by a newer version or is no longer required
51 silly removeObsoleteDep removing supports-color@7.2.0 from the tree as its been replaced by a newer version or is no longer required
52 silly removeObsoleteDep removing has-flag@4.0.0 from the tree as its been replaced by a newer version or is no longer required
53 silly removeObsoleteDep removing mime@2.4.6 from the tree as its been replaced by a newer version or is no longer required
54 silly removeObsoleteDep removing node-fetch@2.6.1 from the tree as its been replaced by a newer version or is no longer required
55 silly removeObsoleteDep removing open@6.4.0 from the tree as its been replaced by a newer version or is no longer required
56 silly removeObsoleteDep removing is-wsl@1.1.0 from the tree as its been replaced by a newer version or is no longer required
57 silly removeObsoleteDep removing shell-quote@1.6.1 from the tree as its been replaced by a newer version or is no longer required
58 silly removeObsoleteDep removing jsonify@0.0.0 from the tree as its been replaced by a newer version or is no longer required
59 silly removeObsoleteDep removing array-filter@0.0.1 from the tree as its been replaced by a newer version or is no longer required
60 silly removeObsoleteDep removing array-reduce@0.0.0 from the tree as its been replaced by a newer version or is no longer required
61 silly removeObsoleteDep removing array-map@0.0.0 from the tree as its been replaced by a newer version or is no longer required
62 silly removeObsoleteDep removing chalk@3.0.0 from the tree as its been replaced by a newer version or is no longer required
63 silly removeObsoleteDep removing ansi-styles@4.2.1 from the tree as its been replaced by a newer version or is no longer required
64 silly removeObsoleteDep removing color-convert@2.0.1 from the tree as its been replaced by a newer version or is no longer required
65 silly removeObsoleteDep removing supports-color@7.2.0 from the tree as its been replaced by a newer version or is no longer required
66 silly removeObsoleteDep removing has-flag@4.0.0 from the tree as its been replaced by a newer version or is no longer required
67 silly removeObsoleteDep removing execa@1.0.0 from the tree as its been replaced by a newer version or is no longer required
68 silly removeObsoleteDep removing cross-spawn@6.0.5 from the tree as its been replaced by a newer version or is no longer required
69 silly removeObsoleteDep removing nice-try@1.0.5 from the tree as its been replaced by a newer version or is no longer required
70 silly removeObsoleteDep removing path-key@2.0.1 from the tree as its been replaced by a newer version or is no longer required
71 silly removeObsoleteDep removing shebang-command@1.2.0 from the tree as its been replaced by a newer version or is no longer required
72 silly removeObsoleteDep removing shebang-regex@1.0.0 from the tree as its been replaced by a newer version or is no longer required
73 silly removeObsoleteDep removing which@1.3.1 from the tree as its been replaced by a newer version or is no longer required
74 silly removeObsoleteDep removing isexe@2.0.0 from the tree as its been replaced by a newer version or is no longer required
75 silly removeObsoleteDep removing get-stream@4.1.0 from the tree as its been replaced by a newer version or is no longer required
76 silly removeObsoleteDep removing pump@3.0.0 from the tree as its been replaced by a newer version or is no longer required
77 silly removeObsoleteDep removing end-of-stream@1.4.4 from the tree as its been replaced by a newer version or is no longer required
78 silly removeObsoleteDep removing npm-run-path@2.0.2 from the tree as its been replaced by a newer version or is no longer required
79 silly removeObsoleteDep removing p-finally@1.0.0 from the tree as its been replaced by a newer version or is no longer required
80 silly removeObsoleteDep removing signal-exit@3.0.3 from the tree as its been replaced by a newer version or is no longer required
81 silly removeObsoleteDep removing strip-eof@1.0.0 from the tree as its been replaced by a newer version or is no longer required
82 silly removeObsoleteDep removing fs-extra@8.1.0 from the tree as its been replaced by a newer version or is no longer required
83 silly removeObsoleteDep removing graceful-fs@4.2.4 from the tree as its been replaced by a newer version or is no longer required
84 silly removeObsoleteDep removing jsonfile@4.0.0 from the tree as its been replaced by a newer version or is no longer required
85 silly removeObsoleteDep removing universalify@0.1.2 from the tree as its been replaced by a newer version or is no longer required
86 silly removeObsoleteDep removing jetifier@1.6.6 from the tree as its been replaced by a newer version or is no longer required
87 silly removeObsoleteDep removing logkitty@0.7.1 from the tree as its been replaced by a newer version or is no longer required
88 silly removeObsoleteDep removing ansi-fragments@0.2.1 from the tree as its been replaced by a newer version or is no longer required
89 silly removeObsoleteDep removing colorette@1.2.1 from the tree as its been replaced by a newer version or is no longer required
90 silly removeObsoleteDep removing slice-ansi@2.1.0 from the tree as its been replaced by a newer version or is no longer required
91 silly removeObsoleteDep removing astral-regex@1.0.0 from the tree as its been replaced by a newer version or is no longer required
92 silly removeObsoleteDep removing is-fullwidth-code-point@2.0.0 from the tree as its been replaced by a newer version or is no longer required
93 silly removeObsoleteDep removing strip-ansi@5.2.0 from the tree as its been replaced by a newer version or is no longer required
94 silly removeObsoleteDep removing ansi-regex@4.1.0 from the tree as its been replaced by a newer version or is no longer required
95 silly removeObsoleteDep removing dayjs@1.8.35 from the tree as its been replaced by a newer version or is no longer required
96 silly removeObsoleteDep removing yargs@15.4.1 from the tree as its been replaced by a newer version or is no longer required
97 silly removeObsoleteDep removing cliui@6.0.0 from the tree as its been replaced by a newer version or is no longer required
98 silly removeObsoleteDep removing string-width@4.2.0 from the tree as its been replaced by a newer version or is no longer required
99 silly removeObsoleteDep removing emoji-regex@8.0.0 from the tree as its been replaced by a newer version or is no longer required
100 silly removeObsoleteDep removing is-fullwidth-code-point@3.0.0 from the tree as its been replaced by a newer version or is no longer required
101 silly removeObsoleteDep removing strip-ansi@6.0.0 from the tree as its been replaced by a newer version or is no longer required
102 silly removeObsoleteDep removing ansi-regex@5.0.0 from the tree as its been replaced by a newer version or is no longer required
103 silly removeObsoleteDep removing wrap-ansi@6.2.0 from the tree as its been replaced by a newer version or is no longer required
104 silly removeObsoleteDep removing ansi-styles@4.2.1 from the tree as its been replaced by a newer version or is no longer required
105 silly removeObsoleteDep removing color-convert@2.0.1 from the tree as its been replaced by a newer version or is no longer required
106 silly removeObsoleteDep removing decamelize@1.2.0 from the tree as its been replaced by a newer version or is no longer required
107 silly removeObsoleteDep removing find-up@4.1.0 from the tree as its been replaced by a newer version or is no longer required
108 silly removeObsoleteDep removing locate-path@5.0.0 from the tree as its been replaced by a newer version or is no longer required
109 silly removeObsoleteDep removing p-locate@4.1.0 from the tree as its been replaced by a newer version or is no longer required
110 silly removeObsoleteDep removing p-limit@2.3.0 from the tree as its been replaced by a newer version or is no longer required
111 silly removeObsoleteDep removing p-try@2.2.0 from the tree as its been replaced by a newer version or is no longer required
112 silly removeObsoleteDep removing path-exists@4.0.0 from the tree as its been replaced by a newer version or is no longer required
113 silly removeObsoleteDep removing get-caller-file@2.0.5 from the tree as its been replaced by a newer version or is no longer required
114 silly removeObsoleteDep removing require-directory@2.1.1 from the tree as its been replaced by a newer version or is no longer required
115 silly removeObsoleteDep removing require-main-filename@2.0.0 from the tree as its been replaced by a newer version or is no longer required
116 silly removeObsoleteDep removing set-blocking@2.0.0 from the tree as its been replaced by a newer version or is no longer required
117 silly removeObsoleteDep removing which-module@2.0.0 from the tree as its been replaced by a newer version or is no longer required
118 silly removeObsoleteDep removing y18n@4.0.0 from the tree as its been replaced by a newer version or is no longer required
119 silly removeObsoleteDep removing yargs-parser@18.1.3 from the tree as its been replaced by a newer version or is no longer required
120 silly removeObsoleteDep removing camelcase@5.3.1 from the tree as its been replaced by a newer version or is no longer required
121 silly removeObsoleteDep removing slash@3.0.0 from the tree as its been replaced by a newer version or is no longer required
122 silly removeObsoleteDep removing xmldoc@1.1.2 from the tree as its been replaced by a newer version or is no longer required
123 silly removeObsoleteDep removing sax@1.2.4 from the tree as its been replaced by a newer version or is no longer required
124 silly removeObsoleteDep removing @react-native-community/cli-platform-ios@4.13.0 from the tree as its been replaced by a newer version or is no longer required
125 silly removeObsoleteDep removing chalk@3.0.0 from the tree as its been replaced by a newer version or is no longer required
126 silly removeObsoleteDep removing ansi-styles@4.2.1 from the tree as its been replaced by a newer version or is no longer required
127 silly removeObsoleteDep removing color-convert@2.0.1 from the tree as its been replaced by a newer version or is no longer required
128 silly removeObsoleteDep removing supports-color@7.2.0 from the tree as its been replaced by a newer version or is no longer required
129 silly removeObsoleteDep removing has-flag@4.0.0 from the tree as its been replaced by a newer version or is no longer required
130 silly removeObsoleteDep removing js-yaml@3.14.0 from the tree as its been replaced by a newer version or is no longer required
131 silly removeObsoleteDep removing argparse@1.0.10 from the tree as its been replaced by a newer version or is no longer required
132 silly removeObsoleteDep removing sprintf-js@1.0.3 from the tree as its been replaced by a newer version or is no longer required
133 silly removeObsoleteDep removing esprima@4.0.1 from the tree as its been replaced by a newer version or is no longer required
134 silly removeObsoleteDep removing plist@3.0.1 from the tree as its been replaced by a newer version or is no longer required
135 silly removeObsoleteDep removing base64-js@1.3.1 from the tree as its been replaced by a newer version or is no longer required
136 silly removeObsoleteDep removing xmlbuilder@9.0.7 from the tree as its been replaced by a newer version or is no longer required
137 silly removeObsoleteDep removing xmldom@0.1.31 from the tree as its been replaced by a newer version or is no longer required
138 silly removeObsoleteDep removing xcode@2.1.0 from the tree as its been replaced by a newer version or is no longer required
139 silly removeObsoleteDep removing simple-plist@1.1.0 from the tree as its been replaced by a newer version or is no longer required
140 silly removeObsoleteDep removing bplist-creator@0.0.8 from the tree as its been replaced by a newer version or is no longer required
141 silly removeObsoleteDep removing stream-buffers@2.2.0 from the tree as its been replaced by a newer version or is no longer required
142 silly removeObsoleteDep removing bplist-parser@0.2.0 from the tree as its been replaced by a newer version or is no longer required
143 silly removeObsoleteDep removing big-integer@1.6.48 from the tree as its been replaced by a newer version or is no longer required
144 silly removeObsoleteDep removing color-string@1.5.3 from the tree as its been replaced by a newer version or is no longer required
145 silly removeObsoleteDep removing simple-swizzle@0.2.2 from the tree as its been replaced by a newer version or is no longer required
146 silly removeObsoleteDep removing is-arrayish@0.3.2 from the tree as its been replaced by a newer version or is no longer required
147 silly removeObsoleteDep removing commander@5.1.0 from the tree as its been replaced by a newer version or is no longer required
148 silly removeObsoleteDep removing core-js@3.6.5 from the tree as its been replaced by a newer version or is no longer required
149 silly removeObsoleteDep removing deep-equal@2.0.3 from the tree as its been replaced by a newer version or is no longer required
150 silly removeObsoleteDep removing es-get-iterator@1.1.0 from the tree as its been replaced by a newer version or is no longer required
151 silly removeObsoleteDep removing is-arguments@1.0.4 from the tree as its been replaced by a newer version or is no longer required
152 silly removeObsoleteDep removing is-map@2.0.1 from the tree as its been replaced by a newer version or is no longer required
153 silly removeObsoleteDep removing is-set@2.0.1 from the tree as its been replaced by a newer version or is no longer required
154 silly removeObsoleteDep removing is-string@1.0.5 from the tree as its been replaced by a newer version or is no longer required
155 silly removeObsoleteDep removing isarray@2.0.5 from the tree as its been replaced by a newer version or is no longer required
156 silly removeObsoleteDep removing isarray@2.0.5 from the tree as its been replaced by a newer version or is no longer required
157 silly removeObsoleteDep removing object-is@1.1.2 from the tree as its been replaced by a newer version or is no longer required
158 silly removeObsoleteDep removing regexp.prototype.flags@1.3.0 from the tree as its been replaced by a newer version or is no longer required
159 silly removeObsoleteDep removing side-channel@1.0.3 from the tree as its been replaced by a newer version or is no longer required
160 silly removeObsoleteDep removing es-abstract@1.18.0-next.0 from the tree as its been replaced by a newer version or is no longer required
161 silly removeObsoleteDep removing which-boxed-primitive@1.0.1 from the tree as its been replaced by a newer version or is no longer required
162 silly removeObsoleteDep removing is-bigint@1.0.0 from the tree as its been replaced by a newer version or is no longer required
163 silly removeObsoleteDep removing is-boolean-object@1.0.1 from the tree as its been replaced by a newer version or is no longer required
164 silly removeObsoleteDep removing is-number-object@1.0.4 from the tree as its been replaced by a newer version or is no longer required
165 silly removeObsoleteDep removing which-collection@1.0.1 from the tree as its been replaced by a newer version or is no longer required
166 silly removeObsoleteDep removing is-weakmap@2.0.1 from the tree as its been replaced by a newer version or is no longer required
167 silly removeObsoleteDep removing is-weakset@2.0.1 from the tree as its been replaced by a newer version or is no longer required
168 silly removeObsoleteDep removing which-typed-array@1.1.2 from the tree as its been replaced by a newer version or is no longer required
169 silly removeObsoleteDep removing available-typed-arrays@1.0.2 from the tree as its been replaced by a newer version or is no longer required
170 silly removeObsoleteDep removing array-filter@1.0.0 from the tree as its been replaced by a newer version or is no longer required
171 silly removeObsoleteDep removing foreach@2.0.5 from the tree as its been replaced by a newer version or is no longer required
172 silly removeObsoleteDep removing is-typed-array@1.1.3 from the tree as its been replaced by a newer version or is no longer required
173 silly removeObsoleteDep removing fs-extra@9.0.1 from the tree as its been replaced by a newer version or is no longer required
174 silly removeObsoleteDep removing at-least-node@1.0.0 from the tree as its been replaced by a newer version or is no longer required
175 silly removeObsoleteDep removing jsonfile@6.0.1 from the tree as its been replaced by a newer version or is no longer required
176 silly removeObsoleteDep removing universalify@1.0.0 from the tree as its been replaced by a newer version or is no longer required
177 silly removeObsoleteDep removing pngjs@5.0.0 from the tree as its been replaced by a newer version or is no longer required
178 silly removeObsoleteDep removing xcode@3.0.1 from the tree as its been replaced by a newer version or is no longer required
179 silly removeObsoleteDep removing uuid@7.0.3 from the tree as its been replaced by a newer version or is no longer required
180 silly removeObsoleteDep removing xml-js@1.6.11 from the tree as its been replaced by a newer version or is no longer required
181 silly removeObsoleteDep removing expo-sqlite@8.2.1 from the tree as its been replaced by a newer version or is no longer required
182 silly removeObsoleteDep removing @expo/websql@1.0.1 from the tree as its been replaced by a newer version or is no longer required
183 silly removeObsoleteDep removing argsarray@0.0.1 from the tree as its been replaced by a newer version or is no longer required
184 silly removeObsoleteDep removing immediate@3.3.0 from the tree as its been replaced by a newer version or is no longer required
185 silly removeObsoleteDep removing noop-fn@1.0.0 from the tree as its been replaced by a newer version or is no longer required
186 silly removeObsoleteDep removing pouchdb-collections@1.0.1 from the tree as its been replaced by a newer version or is no longer required
187 silly removeObsoleteDep removing tiny-queue@0.2.1 from the tree as its been replaced by a newer version or is no longer required
188 silly removeObsoleteDep removing md5-file@3.2.3 from the tree as its been replaced by a newer version or is no longer required
189 silly removeObsoleteDep removing buffer-alloc@1.2.0 from the tree as its been replaced by a newer version or is no longer required
190 silly removeObsoleteDep removing buffer-alloc-unsafe@1.1.0 from the tree as its been replaced by a newer version or is no longer required
191 silly removeObsoleteDep removing buffer-fill@1.0.0 from the tree as its been replaced by a newer version or is no longer required
192 silly removeObsoleteDep removing nullthrows@1.1.1 from the tree as its been replaced by a newer version or is no longer required
193 silly removeObsoleteDep removing pretty-format@23.6.0 from the tree as its been replaced by a newer version or is no longer required
194 silly removeObsoleteDep removing ansi-regex@3.0.0 from the tree as its been replaced by a newer version or is no longer required
195 silly removeObsoleteDep removing react-native-appearance@0.3.4 from the tree as its been replaced by a newer version or is no longer required
196 silly removeObsoleteDep removing fbemitter@2.1.1 from the tree as its been replaced by a newer version or is no longer required
197 silly removeObsoleteDep removing fbjs@0.8.17 from the tree as its been replaced by a newer version or is no longer required
198 silly removeObsoleteDep removing core-js@1.2.7 from the tree as its been replaced by a newer version or is no longer required
199 silly removeObsoleteDep removing use-subscription@1.4.1 from the tree as its been replaced by a newer version or is no longer required
200 silly removeObsoleteDep removing react-native-safe-area-context@3.0.7 from the tree as its been replaced by a newer version or is no longer required
201 silly removeObsoleteDep removing serialize-error@2.1.0 from the tree as its been replaced by a newer version or is no longer required
202 silly removeObsoleteDep removing unimodules-app-loader@1.2.0 from the tree as its been replaced by a newer version or is no longer required
203 silly removeObsoleteDep removing unimodules-barcode-scanner-interface@5.2.1 from the tree as its been replaced by a newer version or is no longer required
204 silly removeObsoleteDep removing unimodules-camera-interface@5.2.1 from the tree as its been replaced by a newer version or is no longer required
205 silly removeObsoleteDep removing unimodules-constants-interface@5.2.1 from the tree as its been replaced by a newer version or is no longer required
206 silly removeObsoleteDep removing unimodules-face-detector-interface@5.2.1 from the tree as its been replaced by a newer version or is no longer required
207 silly removeObsoleteDep removing unimodules-file-system-interface@5.2.1 from the tree as its been replaced by a newer version or is no longer required
208 silly removeObsoleteDep removing unimodules-font-interface@5.2.1 from the tree as its been replaced by a newer version or is no longer required
209 silly removeObsoleteDep removing unimodules-image-loader-interface@5.2.1 from the tree as its been replaced by a newer version or is no longer required
210 silly removeObsoleteDep removing unimodules-permissions-interface@5.2.1 from the tree as its been replaced by a newer version or is no longer required
211 silly removeObsoleteDep removing unimodules-sensors-interface@5.2.1 from the tree as its been replaced by a newer version or is no longer required
212 silly removeObsoleteDep removing unimodules-task-manager-interface@5.2.1 from the tree as its been replaced by a newer version or is no longer required
213 silly removeObsoleteDep removing uuid@3.4.0 from the tree as its been replaced by a newer version or is no longer required
214 silly removeObsoleteDep removing expo-status-bar@1.0.2 from the tree as its been replaced by a newer version or is no longer required
215 silly removeObsoleteDep removing react@16.11.0 from the tree as its been replaced by a newer version or is no longer required
216 silly removeObsoleteDep removing react-dom@16.11.0 from the tree as its been replaced by a newer version or is no longer required
217 silly removeObsoleteDep removing scheduler@0.17.0 from the tree as its been replaced by a newer version or is no longer required
218 silly removeObsoleteDep removing react-native-web@0.11.7 from the tree as its been replaced by a newer version or is no longer required
219 silly removeObsoleteDep removing array-find-index@1.0.2 from the tree as its been replaced by a newer version or is no longer required
220 silly removeObsoleteDep removing create-react-class@15.6.3 from the tree as its been replaced by a newer version or is no longer required
221 silly removeObsoleteDep removing fbjs@0.8.17 from the tree as its been replaced by a newer version or is no longer required
222 silly removeObsoleteDep removing core-js@1.2.7 from the tree as its been replaced by a newer version or is no longer required
223 silly removeObsoleteDep removing debounce@1.2.0 from the tree as its been replaced by a newer version or is no longer required
224 silly removeObsoleteDep removing deep-assign@3.0.0 from the tree as its been replaced by a newer version or is no longer required
225 silly removeObsoleteDep removing is-obj@1.0.1 from the tree as its been replaced by a newer version or is no longer required
226 silly removeObsoleteDep removing fbjs@1.0.0 from the tree as its been replaced by a newer version or is no longer required
227 silly removeObsoleteDep removing core-js@2.6.11 from the tree as its been replaced by a newer version or is no longer required
228 silly removeObsoleteDep removing fbjs-css-vars@1.0.2 from the tree as its been replaced by a newer version or is no longer required
229 silly removeObsoleteDep removing isomorphic-fetch@2.2.1 from the tree as its been replaced by a newer version or is no longer required
230 silly removeObsoleteDep removing node-fetch@1.7.3 from the tree as its been replaced by a newer version or is no longer required
231 silly removeObsoleteDep removing encoding@0.1.13 from the tree as its been replaced by a newer version or is no longer required
232 silly removeObsoleteDep removing iconv-lite@0.6.2 from the tree as its been replaced by a newer version or is no longer required
233 silly removeObsoleteDep removing safer-buffer@2.1.2 from the tree as its been replaced by a newer version or is no longer required
234 silly removeObsoleteDep removing is-stream@1.1.0 from the tree as its been replaced by a newer version or is no longer required
235 silly removeObsoleteDep removing whatwg-fetch@3.4.1 from the tree as its been replaced by a newer version or is no longer required
236 silly removeObsoleteDep removing promise@7.3.1 from the tree as its been replaced by a newer version or is no longer required
237 silly removeObsoleteDep removing asap@2.0.6 from the tree as its been replaced by a newer version or is no longer required
238 silly removeObsoleteDep removing setimmediate@1.0.5 from the tree as its been replaced by a newer version or is no longer required
239 silly removeObsoleteDep removing ua-parser-js@0.7.22 from the tree as its been replaced by a newer version or is no longer required
240 silly removeObsoleteDep removing inline-style-prefixer@5.1.2 from the tree as its been replaced by a newer version or is no longer required
241 silly removeObsoleteDep removing css-in-js-utils@2.0.1 from the tree as its been replaced by a newer version or is no longer required
242 silly removeObsoleteDep removing hyphenate-style-name@1.0.4 from the tree as its been replaced by a newer version or is no longer required
243 silly removeObsoleteDep removing isobject@3.0.1 from the tree as its been replaced by a newer version or is no longer required
244 silly removeObsoleteDep removing normalize-css-color@1.0.2 from the tree as its been replaced by a newer version or is no longer required
245 silly removeObsoleteDep removing prop-types@15.7.2 from the tree as its been replaced by a newer version or is no longer required
246 silly removeObsoleteDep removing object-assign@4.1.1 from the tree as its been replaced by a newer version or is no longer required
247 silly removeObsoleteDep removing react-is@16.13.1 from the tree as its been replaced by a newer version or is no longer required
248 silly removeObsoleteDep removing react-timer-mixin@0.13.4 from the tree as its been replaced by a newer version or is no longer required
249 http fetch GET 200 https://na.artifactory.swg-devops.com/artifactory/api/npm/fxo-cio-ies-npm-virtual/react 50ms (from cache)
250 http fetch GET 200 https://na.artifactory.swg-devops.com/artifactory/api/npm/fxo-cio-ies-npm-virtual/react-native-web 54ms (from cache)
251 http fetch GET 200 https://na.artifactory.swg-devops.com/artifactory/api/npm/fxo-cio-ies-npm-virtual/react-dom 65ms (from cache)
252 http fetch GET 200 https://na.artifactory.swg-devops.com/artifactory/api/npm/fxo-cio-ies-npm-virtual/expo 75ms (from cache)
253 silly pacote version manifest for react@16.11.0 fetched in 83ms
254 silly resolveWithNewModule react@16.11.0 checking installable status
255 silly pacote version manifest for react-native-web@0.11.7 fetched in 83ms
256 silly resolveWithNewModule react-native-web@0.11.7 checking installable status
257 silly pacote version manifest for react-dom@16.11.0 fetched in 86ms
258 silly resolveWithNewModule react-dom@16.11.0 checking installable status
259 silly pacote version manifest for expo@38.0.10 fetched in 91ms
260 silly resolveWithNewModule expo@38.0.10 checking installable status
261 http fetch GET 401 https://github.com/expo/react-native/archive/sdk-38.0.2.tar.gz 329ms
262 silly fetchPackageMetaData error for react-native@https://github.com/expo/react-native/archive/sdk-38.0.2.tar.gz Unable to authenticate, need: Basic realm="GitHub"
263 http fetch GET 200 https://na.artifactory.swg-devops.com/artifactory/api/npm/fxo-cio-ies-npm-virtual/expo-status-bar 550ms
264 silly pacote version manifest for expo-status-bar@1.0.2 fetched in 554ms
265 silly resolveWithNewModule expo-status-bar@1.0.2 checking installable status
266 timing stage:rollbackFailedOptional Completed in 0ms
267 timing stage:runTopLevelLifecycles Completed in 1725ms
268 silly saveTree nextup_voter_manager
268 silly saveTree ├─┬ @babel/core@7.11.6
268 silly saveTree │ ├─┬ @babel/code-frame@7.10.4
268 silly saveTree │ │ └─┬ @babel/highlight@7.10.4
268 silly saveTree │ │   ├── @babel/helper-validator-identifier@7.10.4
268 silly saveTree │ │   ├─┬ chalk@2.4.2
268 silly saveTree │ │   │ ├─┬ ansi-styles@3.2.1
268 silly saveTree │ │   │ │ └─┬ color-convert@1.9.3
268 silly saveTree │ │   │ │   └── color-name@1.1.3
268 silly saveTree │ │   │ ├── escape-string-regexp@1.0.5
268 silly saveTree │ │   │ └─┬ supports-color@5.5.0
268 silly saveTree │ │   │   └── has-flag@3.0.0
268 silly saveTree │ │   └── js-tokens@4.0.0
268 silly saveTree │ ├─┬ @babel/generator@7.11.6
268 silly saveTree │ │ ├─┬ @babel/types@7.11.5
268 silly saveTree │ │ │ ├── lodash@4.17.20
268 silly saveTree │ │ │ └── to-fast-properties@2.0.0
268 silly saveTree │ │ ├── jsesc@2.5.2
268 silly saveTree │ │ └── source-map@0.5.7
268 silly saveTree │ ├─┬ @babel/helper-module-transforms@7.11.0
268 silly saveTree │ │ ├── @babel/helper-module-imports@7.10.4
268 silly saveTree │ │ ├─┬ @babel/helper-replace-supers@7.10.4
268 silly saveTree │ │ │ ├── @babel/helper-member-expression-to-functions@7.11.0
268 silly saveTree │ │ │ ├── @babel/helper-optimise-call-expression@7.10.4
268 silly saveTree │ │ │ └─┬ @babel/traverse@7.11.5
268 silly saveTree │ │ │   ├─┬ @babel/helper-function-name@7.10.4
268 silly saveTree │ │ │   │ ├── @babel/helper-get-function-arity@7.10.4
268 silly saveTree │ │ │   │ └─┬ @babel/template@7.10.4
268 silly saveTree │ │ │   │   └── @babel/parser@7.11.5
268 silly saveTree │ │ │   ├── @babel/helper-split-export-declaration@7.11.0
268 silly saveTree │ │ │   ├── @babel/parser@7.11.5
268 silly saveTree │ │ │   ├─┬ debug@4.1.1
268 silly saveTree │ │ │   │ └── ms@2.1.2
268 silly saveTree │ │ │   └── globals@11.12.0
268 silly saveTree │ │ ├── @babel/helper-simple-access@7.10.4
268 silly saveTree │ │ ├── @babel/helper-split-export-declaration@7.11.0
268 silly saveTree │ │ └── @babel/template@7.10.4
268 silly saveTree │ ├── @babel/helpers@7.10.4
268 silly saveTree │ ├── @babel/parser@7.11.5
268 silly saveTree │ ├── @babel/template@7.10.4
268 silly saveTree │ ├── @babel/traverse@7.11.5
268 silly saveTree │ ├── @babel/types@7.11.5
268 silly saveTree │ ├─┬ convert-source-map@1.7.0
268 silly saveTree │ │ └── safe-buffer@5.1.2
268 silly saveTree │ ├─┬ debug@4.1.1
268 silly saveTree │ │ └── ms@2.1.2
268 silly saveTree │ ├── gensync@1.0.0-beta.1
268 silly saveTree │ ├─┬ json5@2.1.3
268 silly saveTree │ │ └── minimist@1.2.5
268 silly saveTree │ ├── lodash@4.17.20
268 silly saveTree │ ├─┬ resolve@1.17.0
268 silly saveTree │ │ └── path-parse@1.0.6
268 silly saveTree │ ├── semver@5.7.1
268 silly saveTree │ └── source-map@0.5.7
268 silly saveTree ├─┬ babel-preset-expo@8.1.1
268 silly saveTree │ ├─┬ @babel/plugin-proposal-decorators@7.10.5
268 silly saveTree │ │ ├─┬ @babel/helper-create-class-features-plugin@7.10.5
268 silly saveTree │ │ │ └── @babel/helper-plugin-utils@7.10.4
268 silly saveTree │ │ ├── @babel/helper-plugin-utils@7.10.4
268 silly saveTree │ │ └── @babel/plugin-syntax-decorators@7.10.4
268 silly saveTree │ ├─┬ @babel/preset-env@7.11.5
268 silly saveTree │ │ ├─┬ @babel/compat-data@7.11.0
268 silly saveTree │ │ │ ├─┬ browserslist@4.14.2
268 silly saveTree │ │ │ │ ├── caniuse-lite@1.0.30001131
268 silly saveTree │ │ │ │ ├── electron-to-chromium@1.3.568
268 silly saveTree │ │ │ │ ├── escalade@3.1.0
268 silly saveTree │ │ │ │ └── node-releases@1.1.61
268 silly saveTree │ │ │ └─┬ invariant@2.2.4
268 silly saveTree │ │ │   └── loose-envify@1.4.0
268 silly saveTree │ │ ├─┬ @babel/helper-compilation-targets@7.10.4
268 silly saveTree │ │ │ └─┬ levenary@1.1.1
268 silly saveTree │ │ │   └── leven@3.1.0
268 silly saveTree │ │ ├─┬ @babel/plugin-proposal-async-generator-functions@7.10.5
268 silly saveTree │ │ │ ├─┬ @babel/helper-remap-async-to-generator@7.11.4
268 silly saveTree │ │ │ │ ├── @babel/helper-annotate-as-pure@7.10.4
268 silly saveTree │ │ │ │ └── @babel/helper-wrap-function@7.10.4
268 silly saveTree │ │ │ └── @babel/plugin-syntax-async-generators@7.8.4
268 silly saveTree │ │ ├── @babel/plugin-proposal-class-properties@7.10.4
268 silly saveTree │ │ ├─┬ @babel/plugin-proposal-dynamic-import@7.10.4
268 silly saveTree │ │ │ └── @babel/plugin-syntax-dynamic-import@7.8.3
268 silly saveTree │ │ ├─┬ @babel/plugin-proposal-export-namespace-from@7.10.4
268 silly saveTree │ │ │ └── @babel/plugin-syntax-export-namespace-from@7.8.3
268 silly saveTree │ │ ├─┬ @babel/plugin-proposal-json-strings@7.10.4
268 silly saveTree │ │ │ └── @babel/plugin-syntax-json-strings@7.8.3
268 silly saveTree │ │ ├─┬ @babel/plugin-proposal-logical-assignment-operators@7.11.0
268 silly saveTree │ │ │ └── @babel/plugin-syntax-logical-assignment-operators@7.10.4
268 silly saveTree │ │ ├─┬ @babel/plugin-proposal-nullish-coalescing-operator@7.10.4
268 silly saveTree │ │ │ └── @babel/plugin-syntax-nullish-coalescing-operator@7.8.3
268 silly saveTree │ │ ├─┬ @babel/plugin-proposal-numeric-separator@7.10.4
268 silly saveTree │ │ │ └── @babel/plugin-syntax-numeric-separator@7.10.4
268 silly saveTree │ │ ├─┬ @babel/plugin-proposal-object-rest-spread@7.11.0
268 silly saveTree │ │ │ ├── @babel/plugin-syntax-object-rest-spread@7.8.3
268 silly saveTree │ │ │ └── @babel/plugin-transform-parameters@7.10.5
268 silly saveTree │ │ ├─┬ @babel/plugin-proposal-optional-catch-binding@7.10.4
268 silly saveTree │ │ │ └── @babel/plugin-syntax-optional-catch-binding@7.8.3
268 silly saveTree │ │ ├─┬ @babel/plugin-proposal-optional-chaining@7.11.0
268 silly saveTree │ │ │ ├── @babel/helper-skip-transparent-expression-wrappers@7.11.0
268 silly saveTree │ │ │ └── @babel/plugin-syntax-optional-chaining@7.8.3
268 silly saveTree │ │ ├── @babel/plugin-proposal-private-methods@7.10.4
268 silly saveTree │ │ ├─┬ @babel/plugin-proposal-unicode-property-regex@7.10.4
268 silly saveTree │ │ │ └─┬ @babel/helper-create-regexp-features-plugin@7.10.4
268 silly saveTree │ │ │   ├── @babel/helper-regex@7.10.5
268 silly saveTree │ │ │   └─┬ regexpu-core@4.7.0
268 silly saveTree │ │ │     ├─┬ regenerate-unicode-properties@8.2.0
268 silly saveTree │ │ │     │ └── regenerate@1.4.1
268 silly saveTree │ │ │     ├── regenerate@1.4.1
268 silly saveTree │ │ │     ├── regjsgen@0.5.2
268 silly saveTree │ │ │     ├─┬ regjsparser@0.6.4
268 silly saveTree │ │ │     │ └── jsesc@0.5.0
268 silly saveTree │ │ │     ├─┬ unicode-match-property-ecmascript@1.0.4
268 silly saveTree │ │ │     │ ├── unicode-canonical-property-names-ecmascript@1.0.4
268 silly saveTree │ │ │     │ └── unicode-property-aliases-ecmascript@1.1.0
268 silly saveTree │ │ │     └── unicode-match-property-value-ecmascript@1.2.0
268 silly saveTree │ │ ├── @babel/plugin-syntax-async-generators@7.8.4
268 silly saveTree │ │ ├── @babel/plugin-syntax-class-properties@7.10.4
268 silly saveTree │ │ ├── @babel/plugin-syntax-dynamic-import@7.8.3
268 silly saveTree │ │ ├── @babel/plugin-syntax-export-namespace-from@7.8.3
268 silly saveTree │ │ ├── @babel/plugin-syntax-json-strings@7.8.3
268 silly saveTree │ │ ├── @babel/plugin-syntax-logical-assignment-operators@7.10.4
268 silly saveTree │ │ ├── @babel/plugin-syntax-nullish-coalescing-operator@7.8.3
268 silly saveTree │ │ ├── @babel/plugin-syntax-numeric-separator@7.10.4
268 silly saveTree │ │ ├── @babel/plugin-syntax-object-rest-spread@7.8.3
268 silly saveTree │ │ ├── @babel/plugin-syntax-optional-catch-binding@7.8.3
268 silly saveTree │ │ ├── @babel/plugin-syntax-optional-chaining@7.8.3
268 silly saveTree │ │ ├── @babel/plugin-syntax-top-level-await@7.10.4
268 silly saveTree │ │ ├── @babel/plugin-transform-arrow-functions@7.10.4
268 silly saveTree │ │ ├── @babel/plugin-transform-async-to-generator@7.10.4
268 silly saveTree │ │ ├── @babel/plugin-transform-block-scoped-functions@7.10.4
268 silly saveTree │ │ ├── @babel/plugin-transform-block-scoping@7.11.1
268 silly saveTree │ │ ├─┬ @babel/plugin-transform-classes@7.10.4
268 silly saveTree │ │ │ └── @babel/helper-define-map@7.10.5
268 silly saveTree │ │ ├── @babel/plugin-transform-computed-properties@7.10.4
268 silly saveTree │ │ ├── @babel/plugin-transform-destructuring@7.10.4
268 silly saveTree │ │ ├── @babel/plugin-transform-dotall-regex@7.10.4
268 silly saveTree │ │ ├── @babel/plugin-transform-duplicate-keys@7.10.4
268 silly saveTree │ │ ├─┬ @babel/plugin-transform-exponentiation-operator@7.10.4
268 silly saveTree │ │ │ └─┬ @babel/helper-builder-binary-assignment-operator-visitor@7.10.4
268 silly saveTree │ │ │   └── @babel/helper-explode-assignable-expression@7.11.4
268 silly saveTree │ │ ├── @babel/plugin-transform-for-of@7.10.4
268 silly saveTree │ │ ├── @babel/plugin-transform-function-name@7.10.4
268 silly saveTree │ │ ├── @babel/plugin-transform-literals@7.10.4
268 silly saveTree │ │ ├── @babel/plugin-transform-member-expression-literals@7.10.4
268 silly saveTree │ │ ├─┬ @babel/plugin-transform-modules-amd@7.10.5
268 silly saveTree │ │ │ └─┬ babel-plugin-dynamic-import-node@2.3.3
268 silly saveTree │ │ │   └─┬ object.assign@4.1.1
268 silly saveTree │ │ │     ├─┬ define-properties@1.1.3
268 silly saveTree │ │ │     │ └── object-keys@1.1.1
268 silly saveTree │ │ │     ├─┬ es-abstract@1.18.0-next.0
268 silly saveTree │ │ │     │ ├─┬ es-to-primitive@1.2.1
268 silly saveTree │ │ │     │ │ ├── is-callable@1.2.1
268 silly saveTree │ │ │     │ │ ├── is-date-object@1.0.2
268 silly saveTree │ │ │     │ │ └─┬ is-symbol@1.0.3
268 silly saveTree │ │ │     │ │   └── has-symbols@1.0.1
268 silly saveTree │ │ │     │ ├── function-bind@1.1.1
268 silly saveTree │ │ │     │ ├── has-symbols@1.0.1
268 silly saveTree │ │ │     │ ├── has@1.0.3
268 silly saveTree │ │ │     │ ├── is-callable@1.2.1
268 silly saveTree │ │ │     │ ├── is-negative-zero@2.0.0
268 silly saveTree │ │ │     │ ├── is-regex@1.1.1
268 silly saveTree │ │ │     │ ├── object-inspect@1.8.0
268 silly saveTree │ │ │     │ ├─┬ string.prototype.trimend@1.0.1
268 silly saveTree │ │ │     │ │ └─┬ es-abstract@1.17.6
268 silly saveTree │ │ │     │ │   └── string.prototype.trimstart@1.0.1
268 silly saveTree │ │ │     │ └── string.prototype.trimstart@1.0.1
268 silly saveTree │ │ │     ├── has-symbols@1.0.1
268 silly saveTree │ │ │     └── object-keys@1.1.1
268 silly saveTree │ │ ├── @babel/plugin-transform-modules-commonjs@7.10.4
268 silly saveTree │ │ ├─┬ @babel/plugin-transform-modules-systemjs@7.10.5
268 silly saveTree │ │ │ └── @babel/helper-hoist-variables@7.10.4
268 silly saveTree │ │ ├── @babel/plugin-transform-modules-umd@7.10.4
268 silly saveTree │ │ ├── @babel/plugin-transform-named-capturing-groups-regex@7.10.4
268 silly saveTree │ │ ├── @babel/plugin-transform-new-target@7.10.4
268 silly saveTree │ │ ├── @babel/plugin-transform-object-super@7.10.4
268 silly saveTree │ │ ├── @babel/plugin-transform-parameters@7.10.5
268 silly saveTree │ │ ├── @babel/plugin-transform-property-literals@7.10.4
268 silly saveTree │ │ ├─┬ @babel/plugin-transform-regenerator@7.10.4
268 silly saveTree │ │ │ └─┬ regenerator-transform@0.14.5
268 silly saveTree │ │ │   └─┬ @babel/runtime@7.11.2
268 silly saveTree │ │ │     └── regenerator-runtime@0.13.7
268 silly saveTree │ │ ├── @babel/plugin-transform-reserved-words@7.10.4
268 silly saveTree │ │ ├── @babel/plugin-transform-shorthand-properties@7.10.4
268 silly saveTree │ │ ├── @babel/plugin-transform-spread@7.11.0
268 silly saveTree │ │ ├── @babel/plugin-transform-sticky-regex@7.10.4
268 silly saveTree │ │ ├── @babel/plugin-transform-template-literals@7.10.5
268 silly saveTree │ │ ├── @babel/plugin-transform-typeof-symbol@7.10.4
268 silly saveTree │ │ ├── @babel/plugin-transform-unicode-escapes@7.10.4
268 silly saveTree │ │ ├── @babel/plugin-transform-unicode-regex@7.10.4
268 silly saveTree │ │ ├─┬ @babel/preset-modules@0.1.4
268 silly saveTree │ │ │ └── esutils@2.0.3
268 silly saveTree │ │ ├── browserslist@4.14.2
268 silly saveTree │ │ ├─┬ core-js-compat@3.6.5
268 silly saveTree │ │ │ └── semver@7.0.0
268 silly saveTree │ │ ├── invariant@2.2.4
268 silly saveTree │ │ └── levenary@1.1.1
268 silly saveTree │ ├─┬ babel-plugin-module-resolver@3.2.0
268 silly saveTree │ │ ├─┬ find-babel-config@1.2.0
268 silly saveTree │ │ │ ├── json5@0.5.1
268 silly saveTree │ │ │ └── path-exists@3.0.0
268 silly saveTree │ │ ├─┬ glob@7.1.6
268 silly saveTree │ │ │ ├── fs.realpath@1.0.0
268 silly saveTree │ │ │ ├─┬ inflight@1.0.6
268 silly saveTree │ │ │ │ ├─┬ once@1.4.0
268 silly saveTree │ │ │ │ │ └── wrappy@1.0.2
268 silly saveTree │ │ │ │ └── wrappy@1.0.2
268 silly saveTree │ │ │ ├── inherits@2.0.4
268 silly saveTree │ │ │ ├─┬ minimatch@3.0.4
268 silly saveTree │ │ │ │ └─┬ brace-expansion@1.1.11
268 silly saveTree │ │ │ │   ├── balanced-match@1.0.0
268 silly saveTree │ │ │ │   └── concat-map@0.0.1
268 silly saveTree │ │ │ ├── once@1.4.0
268 silly saveTree │ │ │ └── path-is-absolute@1.0.1
268 silly saveTree │ │ ├─┬ pkg-up@2.0.0
268 silly saveTree │ │ │ └─┬ find-up@2.1.0
268 silly saveTree │ │ │   └─┬ locate-path@2.0.0
268 silly saveTree │ │ │     └─┬ p-locate@2.0.0
268 silly saveTree │ │ │       └─┬ p-limit@1.3.0
268 silly saveTree │ │ │         └── p-try@1.0.0
268 silly saveTree │ │ └── reselect@3.0.1
268 silly saveTree │ ├── babel-plugin-react-native-web@0.11.7
268 silly saveTree │ └─┬ metro-react-native-babel-preset@0.56.4
268 silly saveTree │   ├─┬ @babel/plugin-proposal-export-default-from@7.10.4
268 silly saveTree │   │ └── @babel/plugin-syntax-export-default-from@7.10.4
268 silly saveTree │   ├── @babel/plugin-syntax-export-default-from@7.10.4
268 silly saveTree │   ├── @babel/plugin-syntax-flow@7.10.4
268 silly saveTree │   ├── @babel/plugin-transform-flow-strip-types@7.10.4
268 silly saveTree │   ├── @babel/plugin-transform-object-assign@7.10.4
268 silly saveTree │   ├── @babel/plugin-transform-react-display-name@7.10.4
268 silly saveTree │   ├─┬ @babel/plugin-transform-react-jsx-source@7.10.5
268 silly saveTree │   │ └── @babel/plugin-syntax-jsx@7.10.4
268 silly saveTree │   ├─┬ @babel/plugin-transform-react-jsx@7.10.4
268 silly saveTree │   │ ├── @babel/helper-builder-react-jsx-experimental@7.11.5
268 silly saveTree │   │ └── @babel/helper-builder-react-jsx@7.10.4
268 silly saveTree │   ├── @babel/plugin-transform-runtime@7.11.5
268 silly saveTree │   ├─┬ @babel/plugin-transform-typescript@7.11.0
268 silly saveTree │   │ └── @babel/plugin-syntax-typescript@7.10.4
268 silly saveTree │   └── react-refresh@0.4.3
268 silly saveTree ├── expo-status-bar@1.0.2
268 silly saveTree ├── expo@38.0.10
268 silly saveTree ├── react-dom@16.11.0
268 silly saveTree ├── react-native-web@0.11.7
268 silly saveTree └── react@16.11.0
269 verbose stack Error: Unable to authenticate, need: Basic realm="GitHub"
269 verbose stack     at /Users/demarcus/.nvm/versions/node/v12.14.0/lib/node_modules/npm/node_modules/npm-registry-fetch/check-response.js:104:17
269 verbose stack     at processTicksAndRejections (internal/process/task_queues.js:93:5)
270 verbose statusCode 401
271 verbose pkgid react-native@https://github.com/expo/react-native/archive/sdk-38.0.2.tar.gz
272 verbose cwd /Users/demarcus/projects/playground/nextup/nextup_voter_manager
273 verbose Darwin 19.6.0
274 verbose argv "/Users/demarcus/.nvm/versions/node/v12.14.0/bin/node" "/Users/demarcus/.nvm/versions/node/v12.14.0/bin/npm" "i"
275 verbose node v12.14.0
276 verbose npm  v6.14.6
277 error code E401
278 error Unable to authenticate, need: Basic realm="GitHub"
279 verbose exit [ 1, true ]
